{"annyang.js":{"path":"annyang.js","s":{"1":1,"2":1,"3":1,"4":1,"5":0,"6":0,"7":1,"8":1,"9":1,"10":1,"11":1,"12":1,"13":1,"14":1,"15":1,"16":1,"17":1,"18":1,"19":1,"20":1,"21":1,"22":97,"23":38,"24":97,"25":1,"26":342,"27":342,"28":997,"29":1,"30":303,"31":1,"32":188,"33":1,"34":1,"35":107,"36":107,"37":6,"38":1,"39":1,"40":0,"41":1,"42":1,"43":0,"44":1,"45":1,"46":1,"47":1,"48":1,"49":99,"50":99,"51":1,"52":0,"53":0,"54":0,"55":0,"56":0,"57":0,"58":0,"59":0,"60":0,"61":1,"62":99,"63":99,"64":99,"65":25,"66":25,"67":25,"68":0,"69":1,"70":75,"71":3,"72":1,"73":3,"74":72,"75":72,"76":72,"77":360,"78":72,"79":72,"80":72,"81":158,"82":158,"83":9,"84":158,"85":257,"86":257,"87":257,"88":51,"89":51,"90":3,"91":3,"92":1,"93":51,"94":51,"95":51,"96":21,"97":21,"98":1,"99":0,"100":1,"101":0,"102":109,"103":109,"104":109,"105":109,"106":1,"107":108,"108":109,"109":0,"110":109,"111":109,"112":109,"113":10,"114":2,"115":115,"116":115,"117":112,"118":15,"119":8,"120":91,"121":90,"122":1,"123":2,"124":2,"125":77,"126":77,"127":77,"128":108,"129":108,"130":108,"131":97,"132":11,"133":10,"134":1,"135":1,"136":1,"137":80,"138":73,"139":73,"140":7,"141":7,"142":32,"143":36,"144":8,"145":24,"146":57,"147":2,"148":55,"149":55,"150":1,"151":54,"152":7,"153":11,"154":7,"155":63,"156":63,"157":30,"158":19,"159":11,"160":39,"161":73},"b":{"1":[1,0,0,0,0],"2":[0,1],"3":[10,28],"4":[1,187],"5":[6,101],"6":[0,1],"7":[0,1],"8":[1,0],"9":[0,0,0],"10":[0,0],"11":[25,74],"12":[25,0],"13":[3,72],"14":[1,2],"15":[9,149],"16":[51,206],"17":[3,48],"18":[1,2],"19":[0,1],"20":[0,1],"21":[109,107],"22":[1,108],"23":[0,109],"24":[2,8],"25":[112,3],"26":[90,1],"27":[108,0],"28":[108,107],"29":[97,11],"30":[10,1],"31":[11,10],"32":[1,0],"33":[73,7],"34":[1,6],"35":[8,28],"36":[2,55],"37":[55,55],"38":[1,54],"39":[54,52],"40":[63,0],"41":[30,33],"42":[63,36],"43":[19,11],"44":[39,24]},"f":{"1":1,"2":97,"3":38,"4":342,"5":997,"6":303,"7":188,"8":107,"9":1,"10":99,"11":0,"12":99,"13":75,"14":109,"15":115,"16":15,"17":8,"18":91,"19":2,"20":77,"21":80,"22":32,"23":57,"24":7,"25":11,"26":39,"27":73},"fnMap":{"1":{"name":"(anonymous_1)","line":7,"loc":{"start":{"line":7,"column":1},"end":{"line":7,"column":21}}},"2":{"name":"(anonymous_2)","line":53,"loc":{"start":{"line":53,"column":24},"end":{"line":53,"column":42}}},"3":{"name":"(anonymous_3)","line":56,"loc":{"start":{"line":56,"column":39},"end":{"line":56,"column":65}}},"4":{"name":"(anonymous_4)","line":65,"loc":{"start":{"line":65,"column":24},"end":{"line":65,"column":44}}},"5":{"name":"(anonymous_5)","line":67,"loc":{"start":{"line":67,"column":22},"end":{"line":67,"column":41}}},"6":{"name":"(anonymous_6)","line":72,"loc":{"start":{"line":72,"column":22},"end":{"line":72,"column":33}}},"7":{"name":"(anonymous_7)","line":76,"loc":{"start":{"line":76,"column":21},"end":{"line":76,"column":32}}},"8":{"name":"(anonymous_8)","line":82,"loc":{"start":{"line":82,"column":24},"end":{"line":82,"column":54}}},"9":{"name":"(anonymous_9)","line":112,"loc":{"start":{"line":112,"column":10},"end":{"line":112,"column":44}}},"10":{"name":"(anonymous_10)","line":139,"loc":{"start":{"line":139,"column":30},"end":{"line":139,"column":41}}},"11":{"name":"(anonymous_11)","line":144,"loc":{"start":{"line":144,"column":30},"end":{"line":144,"column":46}}},"12":{"name":"(anonymous_12)","line":164,"loc":{"start":{"line":164,"column":30},"end":{"line":164,"column":41}}},"13":{"name":"(anonymous_13)","line":179,"loc":{"start":{"line":179,"column":30},"end":{"line":179,"column":46}}},"14":{"name":"(anonymous_14)","line":266,"loc":{"start":{"line":266,"column":11},"end":{"line":266,"column":29}}},"15":{"name":"(anonymous_15)","line":297,"loc":{"start":{"line":297,"column":11},"end":{"line":297,"column":22}}},"16":{"name":"(anonymous_16)","line":312,"loc":{"start":{"line":312,"column":11},"end":{"line":312,"column":22}}},"17":{"name":"(anonymous_17)","line":322,"loc":{"start":{"line":322,"column":12},"end":{"line":322,"column":23}}},"18":{"name":"(anonymous_18)","line":332,"loc":{"start":{"line":332,"column":11},"end":{"line":332,"column":30}}},"19":{"name":"(anonymous_19)","line":347,"loc":{"start":{"line":347,"column":17},"end":{"line":347,"column":36}}},"20":{"name":"(anonymous_20)","line":369,"loc":{"start":{"line":369,"column":17},"end":{"line":369,"column":36}}},"21":{"name":"(anonymous_21)","line":415,"loc":{"start":{"line":415,"column":20},"end":{"line":415,"column":47}}},"22":{"name":"(anonymous_22)","line":421,"loc":{"start":{"line":421,"column":41},"end":{"line":421,"column":59}}},"23":{"name":"(anonymous_23)","line":470,"loc":{"start":{"line":470,"column":17},"end":{"line":470,"column":51}}},"24":{"name":"(anonymous_24)","line":514,"loc":{"start":{"line":514,"column":20},"end":{"line":514,"column":45}}},"25":{"name":"(anonymous_25)","line":515,"loc":{"start":{"line":515,"column":41},"end":{"line":515,"column":54}}},"26":{"name":"(anonymous_26)","line":542,"loc":{"start":{"line":542,"column":17},"end":{"line":542,"column":28}}},"27":{"name":"(anonymous_27)","line":553,"loc":{"start":{"line":553,"column":25},"end":{"line":553,"column":36}}}},"statementMap":{"1":{"start":{"line":7,"column":0},"end":{"line":558,"column":14}},"2":{"start":{"line":21,"column":2},"end":{"line":21,"column":18}},"3":{"start":{"line":24,"column":2},"end":{"line":28,"column":50}},"4":{"start":{"line":32,"column":2},"end":{"line":35,"column":3}},"5":{"start":{"line":33,"column":4},"end":{"line":33,"column":24}},"6":{"start":{"line":34,"column":4},"end":{"line":34,"column":21}},"7":{"start":{"line":37,"column":2},"end":{"line":37,"column":24}},"8":{"start":{"line":38,"column":2},"end":{"line":38,"column":18}},"9":{"start":{"line":39,"column":2},"end":{"line":39,"column":173}},"10":{"start":{"line":40,"column":2},"end":{"line":40,"column":18}},"11":{"start":{"line":41,"column":2},"end":{"line":41,"column":24}},"12":{"start":{"line":42,"column":2},"end":{"line":42,"column":25}},"13":{"start":{"line":43,"column":2},"end":{"line":43,"column":53}},"14":{"start":{"line":44,"column":2},"end":{"line":44,"column":29}},"15":{"start":{"line":45,"column":2},"end":{"line":45,"column":26}},"16":{"start":{"line":48,"column":2},"end":{"line":48,"column":41}},"17":{"start":{"line":49,"column":2},"end":{"line":49,"column":42}},"18":{"start":{"line":50,"column":2},"end":{"line":50,"column":37}},"19":{"start":{"line":51,"column":2},"end":{"line":51,"column":31}},"20":{"start":{"line":52,"column":2},"end":{"line":52,"column":47}},"21":{"start":{"line":53,"column":2},"end":{"line":62,"column":4}},"22":{"start":{"line":54,"column":4},"end":{"line":60,"column":57}},"23":{"start":{"line":57,"column":20},"end":{"line":57,"column":58}},"24":{"start":{"line":61,"column":4},"end":{"line":61,"column":48}},"25":{"start":{"line":65,"column":2},"end":{"line":70,"column":4}},"26":{"start":{"line":66,"column":4},"end":{"line":66,"column":56}},"27":{"start":{"line":67,"column":4},"end":{"line":69,"column":7}},"28":{"start":{"line":68,"column":6},"end":{"line":68,"column":54}},"29":{"start":{"line":72,"column":2},"end":{"line":74,"column":4}},"30":{"start":{"line":73,"column":4},"end":{"line":73,"column":37}},"31":{"start":{"line":76,"column":2},"end":{"line":80,"column":4}},"32":{"start":{"line":77,"column":4},"end":{"line":79,"column":5}},"33":{"start":{"line":78,"column":6},"end":{"line":78,"column":35}},"34":{"start":{"line":82,"column":2},"end":{"line":87,"column":4}},"35":{"start":{"line":83,"column":4},"end":{"line":83,"column":82}},"36":{"start":{"line":84,"column":4},"end":{"line":86,"column":5}},"37":{"start":{"line":85,"column":6},"end":{"line":85,"column":77}},"38":{"start":{"line":89,"column":2},"end":{"line":556,"column":4}},"39":{"start":{"line":115,"column":6},"end":{"line":119,"column":7}},"40":{"start":{"line":116,"column":8},"end":{"line":116,"column":29}},"41":{"start":{"line":118,"column":8},"end":{"line":118,"column":40}},"42":{"start":{"line":122,"column":6},"end":{"line":124,"column":7}},"43":{"start":{"line":123,"column":8},"end":{"line":123,"column":28}},"44":{"start":{"line":127,"column":6},"end":{"line":127,"column":44}},"45":{"start":{"line":130,"column":6},"end":{"line":130,"column":38}},"46":{"start":{"line":134,"column":6},"end":{"line":134,"column":66}},"47":{"start":{"line":137,"column":6},"end":{"line":137,"column":33}},"48":{"start":{"line":139,"column":6},"end":{"line":142,"column":8}},"49":{"start":{"line":140,"column":8},"end":{"line":140,"column":27}},"50":{"start":{"line":141,"column":8},"end":{"line":141,"column":41}},"51":{"start":{"line":144,"column":6},"end":{"line":162,"column":8}},"52":{"start":{"line":145,"column":8},"end":{"line":145,"column":41}},"53":{"start":{"line":146,"column":8},"end":{"line":161,"column":9}},"54":{"start":{"line":148,"column":10},"end":{"line":148,"column":50}},"55":{"start":{"line":149,"column":10},"end":{"line":149,"column":16}},"56":{"start":{"line":153,"column":10},"end":{"line":153,"column":30}},"57":{"start":{"line":155,"column":10},"end":{"line":159,"column":11}},"58":{"start":{"line":156,"column":12},"end":{"line":156,"column":62}},"59":{"start":{"line":158,"column":12},"end":{"line":158,"column":61}},"60":{"start":{"line":160,"column":10},"end":{"line":160,"column":16}},"61":{"start":{"line":164,"column":6},"end":{"line":177,"column":8}},"62":{"start":{"line":165,"column":8},"end":{"line":165,"column":28}},"63":{"start":{"line":166,"column":8},"end":{"line":166,"column":39}},"64":{"start":{"line":168,"column":8},"end":{"line":176,"column":9}},"65":{"start":{"line":170,"column":10},"end":{"line":170,"column":70}},"66":{"start":{"line":171,"column":10},"end":{"line":175,"column":11}},"67":{"start":{"line":172,"column":12},"end":{"line":172,"column":68}},"68":{"start":{"line":174,"column":12},"end":{"line":174,"column":33}},"69":{"start":{"line":179,"column":6},"end":{"line":236,"column":8}},"70":{"start":{"line":180,"column":8},"end":{"line":185,"column":9}},"71":{"start":{"line":181,"column":10},"end":{"line":183,"column":11}},"72":{"start":{"line":182,"column":12},"end":{"line":182,"column":68}},"73":{"start":{"line":184,"column":10},"end":{"line":184,"column":23}},"74":{"start":{"line":188,"column":8},"end":{"line":188,"column":71}},"75":{"start":{"line":189,"column":8},"end":{"line":189,"column":25}},"76":{"start":{"line":190,"column":8},"end":{"line":192,"column":9}},"77":{"start":{"line":191,"column":10},"end":{"line":191,"column":61}},"78":{"start":{"line":194,"column":8},"end":{"line":194,"column":51}},"79":{"start":{"line":195,"column":8},"end":{"line":195,"column":24}},"80":{"start":{"line":204,"column":8},"end":{"line":233,"column":9}},"81":{"start":{"line":206,"column":10},"end":{"line":206,"column":42}},"82":{"start":{"line":207,"column":10},"end":{"line":213,"column":11}},"83":{"start":{"line":208,"column":12},"end":{"line":208,"column":78}},"84":{"start":{"line":216,"column":10},"end":{"line":232,"column":11}},"85":{"start":{"line":217,"column":12},"end":{"line":217,"column":49}},"86":{"start":{"line":218,"column":12},"end":{"line":218,"column":66}},"87":{"start":{"line":219,"column":12},"end":{"line":231,"column":13}},"88":{"start":{"line":220,"column":14},"end":{"line":220,"column":47}},"89":{"start":{"line":221,"column":14},"end":{"line":226,"column":15}},"90":{"start":{"line":222,"column":16},"end":{"line":222,"column":98}},"91":{"start":{"line":223,"column":16},"end":{"line":225,"column":17}},"92":{"start":{"line":224,"column":18},"end":{"line":224,"column":66}},"93":{"start":{"line":228,"column":14},"end":{"line":228,"column":62}},"94":{"start":{"line":229,"column":14},"end":{"line":229,"column":106}},"95":{"start":{"line":230,"column":14},"end":{"line":230,"column":26}},"96":{"start":{"line":234,"column":8},"end":{"line":234,"column":58}},"97":{"start":{"line":235,"column":8},"end":{"line":235,"column":21}},"98":{"start":{"line":239,"column":6},"end":{"line":241,"column":7}},"99":{"start":{"line":240,"column":8},"end":{"line":240,"column":26}},"100":{"start":{"line":242,"column":6},"end":{"line":244,"column":7}},"101":{"start":{"line":243,"column":8},"end":{"line":243,"column":35}},"102":{"start":{"line":267,"column":6},"end":{"line":267,"column":29}},"103":{"start":{"line":268,"column":6},"end":{"line":268,"column":21}},"104":{"start":{"line":269,"column":6},"end":{"line":269,"column":30}},"105":{"start":{"line":270,"column":6},"end":{"line":274,"column":7}},"106":{"start":{"line":271,"column":8},"end":{"line":271,"column":44}},"107":{"start":{"line":273,"column":8},"end":{"line":273,"column":27}},"108":{"start":{"line":275,"column":6},"end":{"line":277,"column":7}},"109":{"start":{"line":276,"column":8},"end":{"line":276,"column":54}},"110":{"start":{"line":279,"column":6},"end":{"line":279,"column":43}},"111":{"start":{"line":280,"column":6},"end":{"line":286,"column":7}},"112":{"start":{"line":281,"column":8},"end":{"line":281,"column":28}},"113":{"start":{"line":283,"column":8},"end":{"line":285,"column":9}},"114":{"start":{"line":284,"column":10},"end":{"line":284,"column":38}},"115":{"start":{"line":298,"column":6},"end":{"line":298,"column":26}},"116":{"start":{"line":299,"column":6},"end":{"line":301,"column":7}},"117":{"start":{"line":300,"column":8},"end":{"line":300,"column":28}},"118":{"start":{"line":313,"column":6},"end":{"line":313,"column":28}},"119":{"start":{"line":323,"column":6},"end":{"line":323,"column":27}},"120":{"start":{"line":333,"column":6},"end":{"line":337,"column":7}},"121":{"start":{"line":334,"column":8},"end":{"line":334,"column":32}},"122":{"start":{"line":336,"column":8},"end":{"line":336,"column":26}},"123":{"start":{"line":348,"column":6},"end":{"line":348,"column":21}},"124":{"start":{"line":349,"column":6},"end":{"line":349,"column":34}},"125":{"start":{"line":370,"column":6},"end":{"line":370,"column":13}},"126":{"start":{"line":372,"column":6},"end":{"line":372,"column":21}},"127":{"start":{"line":374,"column":6},"end":{"line":390,"column":7}},"128":{"start":{"line":375,"column":8},"end":{"line":389,"column":9}},"129":{"start":{"line":376,"column":10},"end":{"line":376,"column":58}},"130":{"start":{"line":377,"column":10},"end":{"line":388,"column":11}},"131":{"start":{"line":379,"column":12},"end":{"line":379,"column":65}},"132":{"start":{"line":380,"column":17},"end":{"line":388,"column":11}},"133":{"start":{"line":382,"column":12},"end":{"line":382,"column":84}},"134":{"start":{"line":384,"column":12},"end":{"line":386,"column":13}},"135":{"start":{"line":385,"column":14},"end":{"line":385,"column":82}},"136":{"start":{"line":387,"column":12},"end":{"line":387,"column":21}},"137":{"start":{"line":416,"column":6},"end":{"line":419,"column":7}},"138":{"start":{"line":417,"column":8},"end":{"line":417,"column":26}},"139":{"start":{"line":418,"column":8},"end":{"line":418,"column":15}},"140":{"start":{"line":420,"column":6},"end":{"line":420,"column":97}},"141":{"start":{"line":421,"column":6},"end":{"line":428,"column":9}},"142":{"start":{"line":422,"column":8},"end":{"line":426,"column":9}},"143":{"start":{"line":423,"column":10},"end":{"line":425,"column":11}},"144":{"start":{"line":424,"column":12},"end":{"line":424,"column":25}},"145":{"start":{"line":427,"column":8},"end":{"line":427,"column":20}},"146":{"start":{"line":471,"column":6},"end":{"line":473,"column":7}},"147":{"start":{"line":472,"column":8},"end":{"line":472,"column":15}},"148":{"start":{"line":474,"column":6},"end":{"line":474,"column":42}},"149":{"start":{"line":475,"column":6},"end":{"line":477,"column":7}},"150":{"start":{"line":476,"column":8},"end":{"line":476,"column":15}},"151":{"start":{"line":478,"column":6},"end":{"line":478,"column":69}},"152":{"start":{"line":515,"column":6},"end":{"line":517,"column":8}},"153":{"start":{"line":516,"column":8},"end":{"line":516,"column":40}},"154":{"start":{"line":519,"column":6},"end":{"line":532,"column":7}},"155":{"start":{"line":520,"column":8},"end":{"line":531,"column":9}},"156":{"start":{"line":522,"column":10},"end":{"line":530,"column":11}},"157":{"start":{"line":524,"column":12},"end":{"line":529,"column":13}},"158":{"start":{"line":525,"column":16},"end":{"line":525,"column":45}},"159":{"start":{"line":528,"column":16},"end":{"line":528,"column":103}},"160":{"start":{"line":543,"column":6},"end":{"line":543,"column":44}},"161":{"start":{"line":554,"column":6},"end":{"line":554,"column":25}}},"branchMap":{"1":{"line":24,"type":"binary-expr","locations":[{"start":{"line":24,"column":26},"end":{"line":24,"column":48}},{"start":{"line":25,"column":26},"end":{"line":25,"column":54}},{"start":{"line":26,"column":26},"end":{"line":26,"column":51}},{"start":{"line":27,"column":26},"end":{"line":27,"column":50}},{"start":{"line":28,"column":26},"end":{"line":28,"column":49}}]},"2":{"line":32,"type":"if","locations":[{"start":{"line":32,"column":2},"end":{"line":32,"column":2}},{"start":{"line":32,"column":2},"end":{"line":32,"column":2}}]},"3":{"line":57,"type":"cond-expr","locations":[{"start":{"line":57,"column":38},"end":{"line":57,"column":43}},{"start":{"line":57,"column":46},"end":{"line":57,"column":57}}]},"4":{"line":77,"type":"if","locations":[{"start":{"line":77,"column":4},"end":{"line":77,"column":4}},{"start":{"line":77,"column":4},"end":{"line":77,"column":4}}]},"5":{"line":84,"type":"if","locations":[{"start":{"line":84,"column":4},"end":{"line":84,"column":4}},{"start":{"line":84,"column":4},"end":{"line":84,"column":4}}]},"6":{"line":115,"type":"if","locations":[{"start":{"line":115,"column":6},"end":{"line":115,"column":6}},{"start":{"line":115,"column":6},"end":{"line":115,"column":6}}]},"7":{"line":122,"type":"if","locations":[{"start":{"line":122,"column":6},"end":{"line":122,"column":6}},{"start":{"line":122,"column":6},"end":{"line":122,"column":6}}]},"8":{"line":122,"type":"binary-expr","locations":[{"start":{"line":122,"column":10},"end":{"line":122,"column":21}},{"start":{"line":122,"column":25},"end":{"line":122,"column":42}}]},"9":{"line":146,"type":"switch","locations":[{"start":{"line":147,"column":8},"end":{"line":149,"column":16}},{"start":{"line":150,"column":8},"end":{"line":150,"column":27}},{"start":{"line":151,"column":8},"end":{"line":160,"column":16}}]},"10":{"line":155,"type":"if","locations":[{"start":{"line":155,"column":10},"end":{"line":155,"column":10}},{"start":{"line":155,"column":10},"end":{"line":155,"column":10}}]},"11":{"line":168,"type":"if","locations":[{"start":{"line":168,"column":8},"end":{"line":168,"column":8}},{"start":{"line":168,"column":8},"end":{"line":168,"column":8}}]},"12":{"line":171,"type":"if","locations":[{"start":{"line":171,"column":10},"end":{"line":171,"column":10}},{"start":{"line":171,"column":10},"end":{"line":171,"column":10}}]},"13":{"line":180,"type":"if","locations":[{"start":{"line":180,"column":8},"end":{"line":180,"column":8}},{"start":{"line":180,"column":8},"end":{"line":180,"column":8}}]},"14":{"line":181,"type":"if","locations":[{"start":{"line":181,"column":10},"end":{"line":181,"column":10}},{"start":{"line":181,"column":10},"end":{"line":181,"column":10}}]},"15":{"line":207,"type":"if","locations":[{"start":{"line":207,"column":10},"end":{"line":207,"column":10}},{"start":{"line":207,"column":10},"end":{"line":207,"column":10}}]},"16":{"line":219,"type":"if","locations":[{"start":{"line":219,"column":12},"end":{"line":219,"column":12}},{"start":{"line":219,"column":12},"end":{"line":219,"column":12}}]},"17":{"line":221,"type":"if","locations":[{"start":{"line":221,"column":14},"end":{"line":221,"column":14}},{"start":{"line":221,"column":14},"end":{"line":221,"column":14}}]},"18":{"line":223,"type":"if","locations":[{"start":{"line":223,"column":16},"end":{"line":223,"column":16}},{"start":{"line":223,"column":16},"end":{"line":223,"column":16}}]},"19":{"line":239,"type":"if","locations":[{"start":{"line":239,"column":6},"end":{"line":239,"column":6}},{"start":{"line":239,"column":6},"end":{"line":239,"column":6}}]},"20":{"line":242,"type":"if","locations":[{"start":{"line":242,"column":6},"end":{"line":242,"column":6}},{"start":{"line":242,"column":6},"end":{"line":242,"column":6}}]},"21":{"line":269,"type":"binary-expr","locations":[{"start":{"line":269,"column":16},"end":{"line":269,"column":23}},{"start":{"line":269,"column":27},"end":{"line":269,"column":29}}]},"22":{"line":270,"type":"if","locations":[{"start":{"line":270,"column":6},"end":{"line":270,"column":6}},{"start":{"line":270,"column":6},"end":{"line":270,"column":6}}]},"23":{"line":275,"type":"if","locations":[{"start":{"line":275,"column":6},"end":{"line":275,"column":6}},{"start":{"line":275,"column":6},"end":{"line":275,"column":6}}]},"24":{"line":283,"type":"if","locations":[{"start":{"line":283,"column":8},"end":{"line":283,"column":8}},{"start":{"line":283,"column":8},"end":{"line":283,"column":8}}]},"25":{"line":299,"type":"if","locations":[{"start":{"line":299,"column":6},"end":{"line":299,"column":6}},{"start":{"line":299,"column":6},"end":{"line":299,"column":6}}]},"26":{"line":333,"type":"if","locations":[{"start":{"line":333,"column":6},"end":{"line":333,"column":6}},{"start":{"line":333,"column":6},"end":{"line":333,"column":6}}]},"27":{"line":375,"type":"if","locations":[{"start":{"line":375,"column":8},"end":{"line":375,"column":8}},{"start":{"line":375,"column":8},"end":{"line":375,"column":8}}]},"28":{"line":376,"type":"binary-expr","locations":[{"start":{"line":376,"column":15},"end":{"line":376,"column":37}},{"start":{"line":376,"column":41},"end":{"line":376,"column":57}}]},"29":{"line":377,"type":"if","locations":[{"start":{"line":377,"column":10},"end":{"line":377,"column":10}},{"start":{"line":377,"column":10},"end":{"line":377,"column":10}}]},"30":{"line":380,"type":"if","locations":[{"start":{"line":380,"column":17},"end":{"line":380,"column":17}},{"start":{"line":380,"column":17},"end":{"line":380,"column":17}}]},"31":{"line":380,"type":"binary-expr","locations":[{"start":{"line":380,"column":21},"end":{"line":380,"column":43}},{"start":{"line":380,"column":47},"end":{"line":380,"column":74}}]},"32":{"line":384,"type":"if","locations":[{"start":{"line":384,"column":12},"end":{"line":384,"column":12}},{"start":{"line":384,"column":12},"end":{"line":384,"column":12}}]},"33":{"line":416,"type":"if","locations":[{"start":{"line":416,"column":6},"end":{"line":416,"column":6}},{"start":{"line":416,"column":6},"end":{"line":416,"column":6}}]},"34":{"line":420,"type":"cond-expr","locations":[{"start":{"line":420,"column":59},"end":{"line":420,"column":75}},{"start":{"line":420,"column":78},"end":{"line":420,"column":96}}]},"35":{"line":423,"type":"if","locations":[{"start":{"line":423,"column":10},"end":{"line":423,"column":10}},{"start":{"line":423,"column":10},"end":{"line":423,"column":10}}]},"36":{"line":471,"type":"if","locations":[{"start":{"line":471,"column":6},"end":{"line":471,"column":6}},{"start":{"line":471,"column":6},"end":{"line":471,"column":6}}]},"37":{"line":474,"type":"binary-expr","locations":[{"start":{"line":474,"column":15},"end":{"line":474,"column":29}},{"start":{"line":474,"column":33},"end":{"line":474,"column":41}}]},"38":{"line":475,"type":"if","locations":[{"start":{"line":475,"column":6},"end":{"line":475,"column":6}},{"start":{"line":475,"column":6},"end":{"line":475,"column":6}}]},"39":{"line":478,"type":"binary-expr","locations":[{"start":{"line":478,"column":51},"end":{"line":478,"column":58}},{"start":{"line":478,"column":62},"end":{"line":478,"column":66}}]},"40":{"line":520,"type":"if","locations":[{"start":{"line":520,"column":8},"end":{"line":520,"column":8}},{"start":{"line":520,"column":8},"end":{"line":520,"column":8}}]},"41":{"line":522,"type":"if","locations":[{"start":{"line":522,"column":10},"end":{"line":522,"column":10}},{"start":{"line":522,"column":10},"end":{"line":522,"column":10}}]},"42":{"line":522,"type":"binary-expr","locations":[{"start":{"line":522,"column":14},"end":{"line":522,"column":32}},{"start":{"line":522,"column":36},"end":{"line":522,"column":57}}]},"43":{"line":524,"type":"if","locations":[{"start":{"line":524,"column":12},"end":{"line":524,"column":12}},{"start":{"line":524,"column":12},"end":{"line":524,"column":12}}]},"44":{"line":543,"type":"binary-expr","locations":[{"start":{"line":543,"column":13},"end":{"line":543,"column":24}},{"start":{"line":543,"column":28},"end":{"line":543,"column":43}}]}}}}